
> colmap-app@0.1.0 dev
> next dev

   ▲ Next.js 14.0.4
   - Local:        http://localhost:3000

 ✓ Ready in 1332ms
 ○ Compiling / ...
 ✓ Compiled / in 2.2s (435 modules)
 ✓ Compiled in 111ms (221 modules)
 ✓ Compiled /dashboard in 333ms (475 modules)
(node:2452) [DEP0060] DeprecationWarning: The `util._extend` API is deprecated. Please use Object.assign() instead.
(Use `node --trace-deprecation ...` to show where the warning was created)
 ✓ Compiled /auth/login in 73ms (481 modules)
 ✓ Compiled /projects/[id] in 125ms (497 modules)
 ○ Compiling /projects/[id]/scans/[scanId] ...
 ✓ Compiled /projects/[id]/scans/[scanId] in 2.6s (1678 modules)
🔍 Using Next.js API proxy: { url: '/api/backend', timestamp: '2025-10-22T23:09:11.370Z' }
Failed to proxy http://localhost:8000/jobs/3e5927ba-aa0e-47c3-ac69-50e430266548 Error: socket hang up
    at Socket.socketCloseListener (node:_http_client:547:27)
    at Socket.emit (node:events:520:35)
    at TCP.<anonymous> (node:net:346:12) {
  code: 'ECONNRESET'
}
Error: socket hang up
    at Socket.socketCloseListener (node:_http_client:547:27)
    at Socket.emit (node:events:520:35)
    at TCP.<anonymous> (node:net:346:12) {
  code: 'ECONNRESET'
}
 ○ Compiling /_error ...
 ✓ Compiled /_error in 1473ms (1841 modules)
Failed to proxy http://localhost:8000/projects/678a8553-6788-4f90-bfc2-468356a3f349 Error: socket hang up
    at Socket.socketCloseListener (node:_http_client:547:27)
    at Socket.emit (node:events:520:35)
    at TCP.<anonymous> (node:net:346:12) {
  code: 'ECONNRESET'
}
Error: socket hang up
    at Socket.socketCloseListener (node:_http_client:547:27)
    at Socket.emit (node:events:520:35)
    at TCP.<anonymous> (node:net:346:12) {
  code: 'ECONNRESET'
}
Failed to proxy http://localhost:8000/projects/678a8553-6788-4f90-bfc2-468356a3f349/scans Error: socket hang up
    at Socket.socketCloseListener (node:_http_client:547:27)
    at Socket.emit (node:events:520:35)
    at TCP.<anonymous> (node:net:346:12) {
  code: 'ECONNRESET'
}
Error: socket hang up
    at Socket.socketCloseListener (node:_http_client:547:27)
    at Socket.emit (node:events:520:35)
    at TCP.<anonymous> (node:net:346:12) {
  code: 'ECONNRESET'
}
Failed to proxy http://localhost:8000/projects/678a8553-6788-4f90-bfc2-468356a3f349 Error: socket hang up
    at Socket.socketCloseListener (node:_http_client:547:27)
    at Socket.emit (node:events:520:35)
    at TCP.<anonymous> (node:net:346:12) {
  code: 'ECONNRESET'
}
Error: socket hang up
    at Socket.socketCloseListener (node:_http_client:547:27)
    at Socket.emit (node:events:520:35)
    at TCP.<anonymous> (node:net:346:12) {
  code: 'ECONNRESET'
}
Failed to proxy http://localhost:8000/projects/678a8553-6788-4f90-bfc2-468356a3f349 Error: socket hang up
    at Socket.socketCloseListener (node:_http_client:547:27)
    at Socket.emit (node:events:520:35)
    at TCP.<anonymous> (node:net:346:12) {
  code: 'ECONNRESET'
}
Error: socket hang up
    at Socket.socketCloseListener (node:_http_client:547:27)
    at Socket.emit (node:events:520:35)
    at TCP.<anonymous> (node:net:346:12) {
  code: 'ECONNRESET'
}
Failed to proxy http://localhost:8000/scans/8bd4ac44-b653-422b-9797-be36f66a9320/details Error: socket hang up
    at Socket.socketCloseListener (node:_http_client:547:27)
    at Socket.emit (node:events:520:35)
    at TCP.<anonymous> (node:net:346:12) {
  code: 'ECONNRESET'
}
Error: socket hang up
    at Socket.socketCloseListener (node:_http_client:547:27)
    at Socket.emit (node:events:520:35)
    at TCP.<anonymous> (node:net:346:12) {
  code: 'ECONNRESET'
}
Failed to proxy http://localhost:8000/projects/678a8553-6788-4f90-bfc2-468356a3f349/scans Error: socket hang up
    at Socket.socketCloseListener (node:_http_client:547:27)
    at Socket.emit (node:events:520:35)
    at TCP.<anonymous> (node:net:346:12) {
  code: 'ECONNRESET'
}
Error: socket hang up
    at Socket.socketCloseListener (node:_http_client:547:27)
    at Socket.emit (node:events:520:35)
    at TCP.<anonymous> (node:net:346:12) {
  code: 'ECONNRESET'
}
Failed to proxy http://localhost:8000/projects/678a8553-6788-4f90-bfc2-468356a3f349/scans Error: socket hang up
    at Socket.socketCloseListener (node:_http_client:547:27)
    at Socket.emit (node:events:520:35)
    at TCP.<anonymous> (node:net:346:12) {
  code: 'ECONNRESET'
}
Error: socket hang up
    at Socket.socketCloseListener (node:_http_client:547:27)
    at Socket.emit (node:events:520:35)
    at TCP.<anonymous> (node:net:346:12) {
  code: 'ECONNRESET'
}
Failed to proxy http://localhost:8000/scans/8bd4ac44-b653-422b-9797-be36f66a9320/details Error: socket hang up
    at Socket.socketCloseListener (node:_http_client:547:27)
    at Socket.emit (node:events:520:35)
    at TCP.<anonymous> (node:net:346:12) {
  code: 'ECONNRESET'
}
Error: socket hang up
    at Socket.socketCloseListener (node:_http_client:547:27)
    at Socket.emit (node:events:520:35)
    at TCP.<anonymous> (node:net:346:12) {
  code: 'ECONNRESET'
}
 ✓ Compiled / in 204ms (879 modules)
🔍 Using Next.js API proxy: { url: '/api/backend', timestamp: '2025-10-22T23:12:53.700Z' }
Failed to proxy http://localhost:8000/projects/678a8553-6788-4f90-bfc2-468356a3f349 Error: socket hang up
    at Socket.socketCloseListener (node:_http_client:547:27)
    at Socket.emit (node:events:520:35)
    at TCP.<anonymous> (node:net:346:12) {
  code: 'ECONNRESET'
}
Error: socket hang up
    at Socket.socketCloseListener (node:_http_client:547:27)
    at Socket.emit (node:events:520:35)
    at TCP.<anonymous> (node:net:346:12) {
  code: 'ECONNRESET'
}
Failed to proxy http://localhost:8000/projects/678a8553-6788-4f90-bfc2-468356a3f349/scans Error: socket hang up
    at Socket.socketCloseListener (node:_http_client:547:27)
    at Socket.emit (node:events:520:35)
    at TCP.<anonymous> (node:net:346:12) {
  code: 'ECONNRESET'
}
Error: socket hang up
    at Socket.socketCloseListener (node:_http_client:547:27)
    at Socket.emit (node:events:520:35)
    at TCP.<anonymous> (node:net:346:12) {
  code: 'ECONNRESET'
}
Failed to proxy http://localhost:8000/projects/678a8553-6788-4f90-bfc2-468356a3f349 Error: socket hang up
    at Socket.socketCloseListener (node:_http_client:547:27)
    at Socket.emit (node:events:520:35)
    at TCP.<anonymous> (node:net:346:12) {
  code: 'ECONNRESET'
}
Error: socket hang up
    at Socket.socketCloseListener (node:_http_client:547:27)
    at Socket.emit (node:events:520:35)
    at TCP.<anonymous> (node:net:346:12) {
  code: 'ECONNRESET'
}
Failed to proxy http://localhost:8000/projects/678a8553-6788-4f90-bfc2-468356a3f349 Error: socket hang up
    at Socket.socketCloseListener (node:_http_client:547:27)
    at Socket.emit (node:events:520:35)
    at TCP.<anonymous> (node:net:346:12) {
  code: 'ECONNRESET'
}
Error: socket hang up
    at Socket.socketCloseListener (node:_http_client:547:27)
    at Socket.emit (node:events:520:35)
    at TCP.<anonymous> (node:net:346:12) {
  code: 'ECONNRESET'
}
Failed to proxy http://localhost:8000/projects/678a8553-6788-4f90-bfc2-468356a3f349/scans Error: socket hang up
    at Socket.socketCloseListener (node:_http_client:547:27)
    at Socket.emit (node:events:520:35)
    at TCP.<anonymous> (node:net:346:12) {
  code: 'ECONNRESET'
}
Error: socket hang up
    at Socket.socketCloseListener (node:_http_client:547:27)
    at Socket.emit (node:events:520:35)
    at TCP.<anonymous> (node:net:346:12) {
  code: 'ECONNRESET'
}
Failed to proxy http://localhost:8000/projects/678a8553-6788-4f90-bfc2-468356a3f349/scans Error: socket hang up
    at Socket.socketCloseListener (node:_http_client:547:27)
    at Socket.emit (node:events:520:35)
    at TCP.<anonymous> (node:net:346:12) {
  code: 'ECONNRESET'
}
Error: socket hang up
    at Socket.socketCloseListener (node:_http_client:547:27)
    at Socket.emit (node:events:520:35)
    at TCP.<anonymous> (node:net:346:12) {
  code: 'ECONNRESET'
}
 ✓ Compiled in 3s (1853 modules)
 ⚠ Found a change in next.config.js. Restarting the server to apply the changes...
   ▲ Next.js 14.0.4
   - Local:        http://localhost:3000

 ✓ Ready in 1598ms
 ⚠ Found a change in next.config.js. Restarting the server to apply the changes...
   ▲ Next.js 14.0.4
   - Local:        http://localhost:3000

 ✓ Ready in 1129ms
